<?xml version="1.0" encoding="UTF-8"?>
<testng-results skipped="0" failed="0" total="1" passed="1">
  <reporter-output>
  </reporter-output>
  <suite name="Default suite" duration-ms="79163" started-at="2019-04-19T17:40:54Z" finished-at="2019-04-19T17:42:14Z">
    <groups>
    </groups>
    <test name="Default test" duration-ms="79163" started-at="2019-04-19T17:40:54Z" finished-at="2019-04-19T17:42:14Z">
      <class name="com.test.ClassTest">
        <test-method status="PASS" signature="StartBrowser()[pri:0, instance:com.test.ClassTest@6d78f375]" name="StartBrowser" duration-ms="79132" started-at="2019-04-19T23:10:54Z" finished-at="2019-04-19T23:12:14Z">
          <reporter-output>
          </reporter-output>
        </test-method> <!-- StartBrowser -->
      </class> <!-- com.test.ClassTest -->
    </test> <!-- Default test -->
  </suite> <!-- Default suite -->
</testng-results>
